2018-08-21 12:18:17.611 [restartedMain] DEBUG c.dyhc.hospitalmanager.HospitalmanagerApplication - Running with Spring Boot v2.0.4.RELEASE, Spring v5.0.8.RELEASE
2018-08-21 17:32:36.140 [restartedMain] DEBUG c.dyhc.hospitalmanager.HospitalmanagerApplication - Running with Spring Boot v2.0.4.RELEASE, Spring v5.0.8.RELEASE
2018-08-21 17:33:10.954 [http-nio-8080-exec-1] DEBUG c.d.hospitalmanager.dao.PackageMapper.getPackage - ==>  Preparing: SELECT p.*,com.*,c.*,cp.* FROM `package` p INNER JOIN `package_and_ combination` pac ON p.`package_id` = pac.`package_id` INNER JOIN `combination` com ON com.`combination_id` = pac.`combination_id` INNER JOIN `combination_and_ check` cac ON cac.`combination_id` = pac.`combination_id` INNER JOIN `check` c ON c.`check_id` = cac.`check_id` INNER JOIN `package_and_ check` pc ON pc.`package_id` = p.`package_id` INNER JOIN `check` cp ON cp.`check_id`=pc.`check_id` WHERE p.`package_id`=? 
2018-08-21 17:33:11.055 [http-nio-8080-exec-1] DEBUG c.d.hospitalmanager.dao.PackageMapper.getPackage - ==> Parameters: 1(Integer)
2018-08-21 17:33:11.154 [http-nio-8080-exec-1] DEBUG c.d.hospitalmanager.dao.PackageMapper.getPackage - <==      Total: 3
2018-08-21 17:35:22.147 [restartedMain] DEBUG c.dyhc.hospitalmanager.HospitalmanagerApplication - Running with Spring Boot v2.0.4.RELEASE, Spring v5.0.8.RELEASE
2018-08-21 17:35:33.867 [http-nio-8080-exec-1] DEBUG c.d.hospitalmanager.dao.PackageMapper.getPackage - ==>  Preparing: SELECT p.*,com.*,c.*,cp.* FROM `package` p INNER JOIN `package_and_ combination` pac ON p.`package_id` = pac.`package_id` INNER JOIN `combination` com ON com.`combination_id` = pac.`combination_id` INNER JOIN `combination_and_ check` cac ON cac.`combination_id` = pac.`combination_id` INNER JOIN `check` c ON c.`check_id` = cac.`check_id` INNER JOIN `package_and_ check` pc ON pc.`package_id` = p.`package_id` INNER JOIN `check` cp ON cp.`check_id`=pc.`check_id` WHERE p.`package_id`=? 
2018-08-21 17:35:33.932 [http-nio-8080-exec-1] DEBUG c.d.hospitalmanager.dao.PackageMapper.getPackage - ==> Parameters: 1(Integer)
2018-08-21 17:35:34.019 [http-nio-8080-exec-1] DEBUG c.d.hospitalmanager.dao.PackageMapper.getPackage - <==      Total: 3
2018-08-21 17:47:36.538 [restartedMain] DEBUG c.dyhc.hospitalmanager.HospitalmanagerApplication - Running with Spring Boot v2.0.4.RELEASE, Spring v5.0.8.RELEASE
2018-08-21 17:47:49.406 [http-nio-8080-exec-1] DEBUG c.d.h.dao.PackageMapper.getPackageCombination - ==>  Preparing: SELECT p.*,com.*,c.*,cp.* FROM `package` p INNER JOIN `package_and_ combination` pac ON p.`package_id` = pac.`package_id` INNER JOIN `combination` com ON com.`combination_id` = pac.`combination_id` INNER JOIN `combination_and_ check` cac ON cac.`combination_id` = pac.`combination_id` INNER JOIN `check` c ON c.`check_id` = cac.`check_id` INNER JOIN `package_and_ check` pc ON pc.`package_id` = p.`package_id` INNER JOIN `check` cp ON cp.`check_id`=pc.`check_id` WHERE p.`package_id`=? 
2018-08-21 17:47:49.472 [http-nio-8080-exec-1] DEBUG c.d.h.dao.PackageMapper.getPackageCombination - ==> Parameters: 1(Integer)
2018-08-21 17:47:49.558 [http-nio-8080-exec-1] DEBUG c.d.h.dao.PackageMapper.getPackageCombination - <==      Total: 3
2018-08-21 17:47:49.560 [http-nio-8080-exec-1] DEBUG c.d.h.dao.PackageMapper.getPackageCheck - ==>  Preparing: SELECT * FROM `package` p INNER JOIN `package_and_ check` pc ON pc.`package_id` = p.`package_id` INNER JOIN `check` cp ON cp.`check_id`=pc.`check_id` WHERE p.`package_id`=? 
2018-08-21 17:47:49.561 [http-nio-8080-exec-1] DEBUG c.d.h.dao.PackageMapper.getPackageCheck - ==> Parameters: 1(Integer)
2018-08-21 17:47:49.627 [http-nio-8080-exec-1] DEBUG c.d.h.dao.PackageMapper.getPackageCheck - <==      Total: 1
2018-08-21 18:01:58.936 [restartedMain] DEBUG c.dyhc.hospitalmanager.HospitalmanagerApplication - Running with Spring Boot v2.0.4.RELEASE, Spring v5.0.8.RELEASE
2018-08-21 18:02:12.868 [http-nio-8080-exec-1] DEBUG c.d.h.dao.PackageMapper.getAllPackageId - ==>  Preparing: SELECT package_id FROM `package` 
2018-08-21 18:02:12.924 [http-nio-8080-exec-1] DEBUG c.d.h.dao.PackageMapper.getAllPackageId - ==> Parameters: 
2018-08-21 18:02:12.994 [http-nio-8080-exec-1] DEBUG c.d.h.dao.PackageMapper.getAllPackageId - <==      Total: 4
2018-08-21 18:02:12.997 [http-nio-8080-exec-1] DEBUG c.d.h.dao.PackageMapper.getPackageCombination - ==>  Preparing: SELECT p.*,com.*,c.*,cp.* FROM `package` p INNER JOIN `package_and_ combination` pac ON p.`package_id` = pac.`package_id` INNER JOIN `combination` com ON com.`combination_id` = pac.`combination_id` INNER JOIN `combination_and_ check` cac ON cac.`combination_id` = pac.`combination_id` INNER JOIN `check` c ON c.`check_id` = cac.`check_id` INNER JOIN `package_and_ check` pc ON pc.`package_id` = p.`package_id` INNER JOIN `check` cp ON cp.`check_id`=pc.`check_id` WHERE p.`package_id`=? 
2018-08-21 18:02:13.007 [http-nio-8080-exec-1] DEBUG c.d.h.dao.PackageMapper.getPackageCombination - ==> Parameters: 1(Integer)
2018-08-21 18:02:13.091 [http-nio-8080-exec-1] DEBUG c.d.h.dao.PackageMapper.getPackageCombination - <==      Total: 3
2018-08-21 18:02:13.091 [http-nio-8080-exec-1] DEBUG c.d.h.dao.PackageMapper.getPackageCheck - ==>  Preparing: SELECT * FROM `package` p INNER JOIN `package_and_ check` pc ON pc.`package_id` = p.`package_id` INNER JOIN `check` cp ON cp.`check_id`=pc.`check_id` WHERE p.`package_id`=? 
2018-08-21 18:02:13.092 [http-nio-8080-exec-1] DEBUG c.d.h.dao.PackageMapper.getPackageCheck - ==> Parameters: 1(Integer)
2018-08-21 18:02:13.170 [http-nio-8080-exec-1] DEBUG c.d.h.dao.PackageMapper.getPackageCheck - <==      Total: 1
2018-08-21 18:02:13.171 [http-nio-8080-exec-1] DEBUG c.d.h.dao.PackageMapper.getPackageCombination - ==>  Preparing: SELECT p.*,com.*,c.*,cp.* FROM `package` p INNER JOIN `package_and_ combination` pac ON p.`package_id` = pac.`package_id` INNER JOIN `combination` com ON com.`combination_id` = pac.`combination_id` INNER JOIN `combination_and_ check` cac ON cac.`combination_id` = pac.`combination_id` INNER JOIN `check` c ON c.`check_id` = cac.`check_id` INNER JOIN `package_and_ check` pc ON pc.`package_id` = p.`package_id` INNER JOIN `check` cp ON cp.`check_id`=pc.`check_id` WHERE p.`package_id`=? 
2018-08-21 18:02:13.171 [http-nio-8080-exec-1] DEBUG c.d.h.dao.PackageMapper.getPackageCombination - ==> Parameters: 2(Integer)
2018-08-21 18:02:13.369 [http-nio-8080-exec-1] DEBUG c.d.h.dao.PackageMapper.getPackageCombination - <==      Total: 3
2018-08-21 18:02:13.370 [http-nio-8080-exec-1] DEBUG c.d.h.dao.PackageMapper.getPackageCheck - ==>  Preparing: SELECT * FROM `package` p INNER JOIN `package_and_ check` pc ON pc.`package_id` = p.`package_id` INNER JOIN `check` cp ON cp.`check_id`=pc.`check_id` WHERE p.`package_id`=? 
2018-08-21 18:02:13.370 [http-nio-8080-exec-1] DEBUG c.d.h.dao.PackageMapper.getPackageCheck - ==> Parameters: 2(Integer)
2018-08-21 18:02:13.440 [http-nio-8080-exec-1] DEBUG c.d.h.dao.PackageMapper.getPackageCheck - <==      Total: 1
2018-08-21 18:02:13.441 [http-nio-8080-exec-1] DEBUG c.d.h.dao.PackageMapper.getPackageCombination - ==>  Preparing: SELECT p.*,com.*,c.*,cp.* FROM `package` p INNER JOIN `package_and_ combination` pac ON p.`package_id` = pac.`package_id` INNER JOIN `combination` com ON com.`combination_id` = pac.`combination_id` INNER JOIN `combination_and_ check` cac ON cac.`combination_id` = pac.`combination_id` INNER JOIN `check` c ON c.`check_id` = cac.`check_id` INNER JOIN `package_and_ check` pc ON pc.`package_id` = p.`package_id` INNER JOIN `check` cp ON cp.`check_id`=pc.`check_id` WHERE p.`package_id`=? 
2018-08-21 18:02:13.441 [http-nio-8080-exec-1] DEBUG c.d.h.dao.PackageMapper.getPackageCombination - ==> Parameters: 3(Integer)
2018-08-21 18:02:13.503 [http-nio-8080-exec-1] DEBUG c.d.h.dao.PackageMapper.getPackageCombination - <==      Total: 0
2018-08-21 18:02:13.503 [http-nio-8080-exec-1] DEBUG c.d.h.dao.PackageMapper.getPackageCheck - ==>  Preparing: SELECT * FROM `package` p INNER JOIN `package_and_ check` pc ON pc.`package_id` = p.`package_id` INNER JOIN `check` cp ON cp.`check_id`=pc.`check_id` WHERE p.`package_id`=? 
2018-08-21 18:02:13.503 [http-nio-8080-exec-1] DEBUG c.d.h.dao.PackageMapper.getPackageCheck - ==> Parameters: 3(Integer)
2018-08-21 18:02:13.561 [http-nio-8080-exec-1] DEBUG c.d.h.dao.PackageMapper.getPackageCheck - <==      Total: 1
2018-08-21 18:02:43.350 [restartedMain] DEBUG c.dyhc.hospitalmanager.HospitalmanagerApplication - Running with Spring Boot v2.0.4.RELEASE, Spring v5.0.8.RELEASE
2018-08-21 18:02:54.115 [http-nio-8080-exec-1] DEBUG c.d.h.dao.PackageMapper.getAllPackageId - ==>  Preparing: SELECT package_id FROM `package` 
2018-08-21 18:02:54.172 [http-nio-8080-exec-1] DEBUG c.d.h.dao.PackageMapper.getAllPackageId - ==> Parameters: 
2018-08-21 18:02:54.250 [http-nio-8080-exec-1] DEBUG c.d.h.dao.PackageMapper.getAllPackageId - <==      Total: 4
2018-08-21 18:02:54.253 [http-nio-8080-exec-1] DEBUG c.d.h.dao.PackageMapper.getPackageCombination - ==>  Preparing: SELECT p.*,com.*,c.*,cp.* FROM `package` p INNER JOIN `package_and_ combination` pac ON p.`package_id` = pac.`package_id` INNER JOIN `combination` com ON com.`combination_id` = pac.`combination_id` INNER JOIN `combination_and_ check` cac ON cac.`combination_id` = pac.`combination_id` INNER JOIN `check` c ON c.`check_id` = cac.`check_id` INNER JOIN `package_and_ check` pc ON pc.`package_id` = p.`package_id` INNER JOIN `check` cp ON cp.`check_id`=pc.`check_id` WHERE p.`package_id`=? 
2018-08-21 18:02:54.265 [http-nio-8080-exec-1] DEBUG c.d.h.dao.PackageMapper.getPackageCombination - ==> Parameters: 1(Integer)
2018-08-21 18:02:54.341 [http-nio-8080-exec-1] DEBUG c.d.h.dao.PackageMapper.getPackageCombination - <==      Total: 3
2018-08-21 18:02:54.342 [http-nio-8080-exec-1] DEBUG c.d.h.dao.PackageMapper.getPackageCheck - ==>  Preparing: SELECT * FROM `package` p INNER JOIN `package_and_ check` pc ON pc.`package_id` = p.`package_id` INNER JOIN `check` cp ON cp.`check_id`=pc.`check_id` WHERE p.`package_id`=? 
2018-08-21 18:02:54.342 [http-nio-8080-exec-1] DEBUG c.d.h.dao.PackageMapper.getPackageCheck - ==> Parameters: 1(Integer)
2018-08-21 18:02:54.400 [http-nio-8080-exec-1] DEBUG c.d.h.dao.PackageMapper.getPackageCheck - <==      Total: 1
2018-08-21 18:02:54.400 [http-nio-8080-exec-1] DEBUG c.d.h.dao.PackageMapper.getPackageCombination - ==>  Preparing: SELECT p.*,com.*,c.*,cp.* FROM `package` p INNER JOIN `package_and_ combination` pac ON p.`package_id` = pac.`package_id` INNER JOIN `combination` com ON com.`combination_id` = pac.`combination_id` INNER JOIN `combination_and_ check` cac ON cac.`combination_id` = pac.`combination_id` INNER JOIN `check` c ON c.`check_id` = cac.`check_id` INNER JOIN `package_and_ check` pc ON pc.`package_id` = p.`package_id` INNER JOIN `check` cp ON cp.`check_id`=pc.`check_id` WHERE p.`package_id`=? 
2018-08-21 18:02:54.401 [http-nio-8080-exec-1] DEBUG c.d.h.dao.PackageMapper.getPackageCombination - ==> Parameters: 2(Integer)
2018-08-21 18:02:54.487 [http-nio-8080-exec-1] DEBUG c.d.h.dao.PackageMapper.getPackageCombination - <==      Total: 3
2018-08-21 18:02:54.488 [http-nio-8080-exec-1] DEBUG c.d.h.dao.PackageMapper.getPackageCheck - ==>  Preparing: SELECT * FROM `package` p INNER JOIN `package_and_ check` pc ON pc.`package_id` = p.`package_id` INNER JOIN `check` cp ON cp.`check_id`=pc.`check_id` WHERE p.`package_id`=? 
2018-08-21 18:02:54.488 [http-nio-8080-exec-1] DEBUG c.d.h.dao.PackageMapper.getPackageCheck - ==> Parameters: 2(Integer)
2018-08-21 18:02:54.569 [http-nio-8080-exec-1] DEBUG c.d.h.dao.PackageMapper.getPackageCheck - <==      Total: 1
2018-08-21 18:02:54.570 [http-nio-8080-exec-1] DEBUG c.d.h.dao.PackageMapper.getPackageCombination - ==>  Preparing: SELECT p.*,com.*,c.*,cp.* FROM `package` p INNER JOIN `package_and_ combination` pac ON p.`package_id` = pac.`package_id` INNER JOIN `combination` com ON com.`combination_id` = pac.`combination_id` INNER JOIN `combination_and_ check` cac ON cac.`combination_id` = pac.`combination_id` INNER JOIN `check` c ON c.`check_id` = cac.`check_id` INNER JOIN `package_and_ check` pc ON pc.`package_id` = p.`package_id` INNER JOIN `check` cp ON cp.`check_id`=pc.`check_id` WHERE p.`package_id`=? 
2018-08-21 18:02:54.570 [http-nio-8080-exec-1] DEBUG c.d.h.dao.PackageMapper.getPackageCombination - ==> Parameters: 3(Integer)
2018-08-21 18:02:54.647 [http-nio-8080-exec-1] DEBUG c.d.h.dao.PackageMapper.getPackageCombination - <==      Total: 0
2018-08-21 18:02:54.648 [http-nio-8080-exec-1] DEBUG c.d.h.dao.PackageMapper.getPackageCheck - ==>  Preparing: SELECT * FROM `package` p INNER JOIN `package_and_ check` pc ON pc.`package_id` = p.`package_id` INNER JOIN `check` cp ON cp.`check_id`=pc.`check_id` WHERE p.`package_id`=? 
2018-08-21 18:02:54.648 [http-nio-8080-exec-1] DEBUG c.d.h.dao.PackageMapper.getPackageCheck - ==> Parameters: 3(Integer)
2018-08-21 18:02:54.705 [http-nio-8080-exec-1] DEBUG c.d.h.dao.PackageMapper.getPackageCheck - <==      Total: 1
2018-08-21 18:03:15.482 [restartedMain] DEBUG c.dyhc.hospitalmanager.HospitalmanagerApplication - Running with Spring Boot v2.0.4.RELEASE, Spring v5.0.8.RELEASE
2018-08-21 18:03:24.062 [http-nio-8080-exec-1] DEBUG c.d.h.dao.PackageMapper.getAllPackageId - ==>  Preparing: SELECT package_id FROM `package` 
2018-08-21 18:03:24.166 [http-nio-8080-exec-1] DEBUG c.d.h.dao.PackageMapper.getAllPackageId - ==> Parameters: 
2018-08-21 18:03:24.248 [http-nio-8080-exec-1] DEBUG c.d.h.dao.PackageMapper.getAllPackageId - <==      Total: 4
2018-08-21 18:03:24.252 [http-nio-8080-exec-1] DEBUG c.d.h.dao.PackageMapper.getPackageCombination - ==>  Preparing: SELECT p.*,com.*,c.*,cp.* FROM `package` p INNER JOIN `package_and_ combination` pac ON p.`package_id` = pac.`package_id` INNER JOIN `combination` com ON com.`combination_id` = pac.`combination_id` INNER JOIN `combination_and_ check` cac ON cac.`combination_id` = pac.`combination_id` INNER JOIN `check` c ON c.`check_id` = cac.`check_id` INNER JOIN `package_and_ check` pc ON pc.`package_id` = p.`package_id` INNER JOIN `check` cp ON cp.`check_id`=pc.`check_id` WHERE p.`package_id`=? 
2018-08-21 18:03:24.261 [http-nio-8080-exec-1] DEBUG c.d.h.dao.PackageMapper.getPackageCombination - ==> Parameters: 1(Integer)
2018-08-21 18:03:24.386 [http-nio-8080-exec-1] DEBUG c.d.h.dao.PackageMapper.getPackageCombination - <==      Total: 3
2018-08-21 18:03:24.386 [http-nio-8080-exec-1] DEBUG c.d.h.dao.PackageMapper.getPackageCheck - ==>  Preparing: SELECT * FROM `package` p INNER JOIN `package_and_ check` pc ON pc.`package_id` = p.`package_id` INNER JOIN `check` cp ON cp.`check_id`=pc.`check_id` WHERE p.`package_id`=? 
2018-08-21 18:03:24.388 [http-nio-8080-exec-1] DEBUG c.d.h.dao.PackageMapper.getPackageCheck - ==> Parameters: 1(Integer)
2018-08-21 18:03:24.489 [http-nio-8080-exec-1] DEBUG c.d.h.dao.PackageMapper.getPackageCheck - <==      Total: 1
2018-08-21 18:03:24.490 [http-nio-8080-exec-1] DEBUG c.d.h.dao.PackageMapper.getPackageCombination - ==>  Preparing: SELECT p.*,com.*,c.*,cp.* FROM `package` p INNER JOIN `package_and_ combination` pac ON p.`package_id` = pac.`package_id` INNER JOIN `combination` com ON com.`combination_id` = pac.`combination_id` INNER JOIN `combination_and_ check` cac ON cac.`combination_id` = pac.`combination_id` INNER JOIN `check` c ON c.`check_id` = cac.`check_id` INNER JOIN `package_and_ check` pc ON pc.`package_id` = p.`package_id` INNER JOIN `check` cp ON cp.`check_id`=pc.`check_id` WHERE p.`package_id`=? 
2018-08-21 18:03:24.490 [http-nio-8080-exec-1] DEBUG c.d.h.dao.PackageMapper.getPackageCombination - ==> Parameters: 2(Integer)
2018-08-21 18:03:24.559 [http-nio-8080-exec-1] DEBUG c.d.h.dao.PackageMapper.getPackageCombination - <==      Total: 3
2018-08-21 18:03:24.560 [http-nio-8080-exec-1] DEBUG c.d.h.dao.PackageMapper.getPackageCheck - ==>  Preparing: SELECT * FROM `package` p INNER JOIN `package_and_ check` pc ON pc.`package_id` = p.`package_id` INNER JOIN `check` cp ON cp.`check_id`=pc.`check_id` WHERE p.`package_id`=? 
2018-08-21 18:03:24.560 [http-nio-8080-exec-1] DEBUG c.d.h.dao.PackageMapper.getPackageCheck - ==> Parameters: 2(Integer)
2018-08-21 18:03:24.643 [http-nio-8080-exec-1] DEBUG c.d.h.dao.PackageMapper.getPackageCheck - <==      Total: 1
2018-08-21 18:03:24.644 [http-nio-8080-exec-1] DEBUG c.d.h.dao.PackageMapper.getPackageCombination - ==>  Preparing: SELECT p.*,com.*,c.*,cp.* FROM `package` p INNER JOIN `package_and_ combination` pac ON p.`package_id` = pac.`package_id` INNER JOIN `combination` com ON com.`combination_id` = pac.`combination_id` INNER JOIN `combination_and_ check` cac ON cac.`combination_id` = pac.`combination_id` INNER JOIN `check` c ON c.`check_id` = cac.`check_id` INNER JOIN `package_and_ check` pc ON pc.`package_id` = p.`package_id` INNER JOIN `check` cp ON cp.`check_id`=pc.`check_id` WHERE p.`package_id`=? 
2018-08-21 18:03:24.644 [http-nio-8080-exec-1] DEBUG c.d.h.dao.PackageMapper.getPackageCombination - ==> Parameters: 3(Integer)
2018-08-21 18:03:24.714 [http-nio-8080-exec-1] DEBUG c.d.h.dao.PackageMapper.getPackageCombination - <==      Total: 0
2018-08-21 18:03:24.715 [http-nio-8080-exec-1] DEBUG c.d.h.dao.PackageMapper.getPackageCheck - ==>  Preparing: SELECT * FROM `package` p INNER JOIN `package_and_ check` pc ON pc.`package_id` = p.`package_id` INNER JOIN `check` cp ON cp.`check_id`=pc.`check_id` WHERE p.`package_id`=? 
2018-08-21 18:03:24.715 [http-nio-8080-exec-1] DEBUG c.d.h.dao.PackageMapper.getPackageCheck - ==> Parameters: 3(Integer)
2018-08-21 18:03:24.804 [http-nio-8080-exec-1] DEBUG c.d.h.dao.PackageMapper.getPackageCheck - <==      Total: 1
2018-08-21 18:03:33.056 [restartedMain] DEBUG c.dyhc.hospitalmanager.HospitalmanagerApplication - Running with Spring Boot v2.0.4.RELEASE, Spring v5.0.8.RELEASE
2018-08-21 18:04:03.056 [http-nio-8080-exec-1] DEBUG c.d.h.dao.PackageMapper.getAllPackageId - ==>  Preparing: SELECT package_id FROM `package` 
2018-08-21 18:04:03.473 [http-nio-8080-exec-1] DEBUG c.d.h.dao.PackageMapper.getAllPackageId - ==> Parameters: 
2018-08-21 18:04:03.767 [http-nio-8080-exec-1] DEBUG c.d.h.dao.PackageMapper.getAllPackageId - <==      Total: 4
2018-08-21 18:05:20.906 [restartedMain] DEBUG c.dyhc.hospitalmanager.HospitalmanagerApplication - Running with Spring Boot v2.0.4.RELEASE, Spring v5.0.8.RELEASE
2018-08-21 18:06:01.073 [restartedMain] DEBUG c.dyhc.hospitalmanager.HospitalmanagerApplication - Running with Spring Boot v2.0.4.RELEASE, Spring v5.0.8.RELEASE
2018-08-21 18:06:12.673 [http-nio-8080-exec-1] DEBUG c.d.h.dao.PackageMapper.getAllPackageId - ==>  Preparing: SELECT package_id FROM `package` 
2018-08-21 18:06:12.730 [http-nio-8080-exec-1] DEBUG c.d.h.dao.PackageMapper.getAllPackageId - ==> Parameters: 
2018-08-21 18:06:12.805 [http-nio-8080-exec-1] DEBUG c.d.h.dao.PackageMapper.getAllPackageId - <==      Total: 4
2018-08-21 18:06:12.807 [http-nio-8080-exec-1] DEBUG c.d.h.dao.PackageMapper.getPackageCombination - ==>  Preparing: SELECT p.*,com.*,c.* FROM `package` p INNER JOIN `package_and_ combination` pac ON p.`package_id` = pac.`package_id` INNER JOIN `combination` com ON com.`combination_id` = pac.`combination_id` INNER JOIN `combination_and_ check` cac ON cac.`combination_id` = pac.`combination_id` INNER JOIN `check` c ON c.`check_id` = cac.`check_id` WHERE p.`package_id`=? 
2018-08-21 18:06:12.815 [http-nio-8080-exec-1] DEBUG c.d.h.dao.PackageMapper.getPackageCombination - ==> Parameters: 1(Integer)
2018-08-21 18:06:12.883 [http-nio-8080-exec-1] DEBUG c.d.h.dao.PackageMapper.getPackageCombination - <==      Total: 3
2018-08-21 18:06:12.884 [http-nio-8080-exec-1] DEBUG c.d.h.dao.PackageMapper.getPackageCheck - ==>  Preparing: SELECT * FROM `package` p INNER JOIN `package_and_ check` pc ON pc.`package_id` = p.`package_id` INNER JOIN `check` cp ON cp.`check_id`=pc.`check_id` WHERE p.`package_id`=? 
2018-08-21 18:06:12.885 [http-nio-8080-exec-1] DEBUG c.d.h.dao.PackageMapper.getPackageCheck - ==> Parameters: 1(Integer)
2018-08-21 18:06:12.947 [http-nio-8080-exec-1] DEBUG c.d.h.dao.PackageMapper.getPackageCheck - <==      Total: 1
2018-08-21 18:06:12.947 [http-nio-8080-exec-1] DEBUG c.d.h.dao.PackageMapper.getPackageCombination - ==>  Preparing: SELECT p.*,com.*,c.* FROM `package` p INNER JOIN `package_and_ combination` pac ON p.`package_id` = pac.`package_id` INNER JOIN `combination` com ON com.`combination_id` = pac.`combination_id` INNER JOIN `combination_and_ check` cac ON cac.`combination_id` = pac.`combination_id` INNER JOIN `check` c ON c.`check_id` = cac.`check_id` WHERE p.`package_id`=? 
2018-08-21 18:06:12.948 [http-nio-8080-exec-1] DEBUG c.d.h.dao.PackageMapper.getPackageCombination - ==> Parameters: 2(Integer)
2018-08-21 18:06:13.010 [http-nio-8080-exec-1] DEBUG c.d.h.dao.PackageMapper.getPackageCombination - <==      Total: 3
2018-08-21 18:06:13.011 [http-nio-8080-exec-1] DEBUG c.d.h.dao.PackageMapper.getPackageCheck - ==>  Preparing: SELECT * FROM `package` p INNER JOIN `package_and_ check` pc ON pc.`package_id` = p.`package_id` INNER JOIN `check` cp ON cp.`check_id`=pc.`check_id` WHERE p.`package_id`=? 
2018-08-21 18:06:13.011 [http-nio-8080-exec-1] DEBUG c.d.h.dao.PackageMapper.getPackageCheck - ==> Parameters: 2(Integer)
2018-08-21 18:06:13.074 [http-nio-8080-exec-1] DEBUG c.d.h.dao.PackageMapper.getPackageCheck - <==      Total: 1
2018-08-21 18:06:13.075 [http-nio-8080-exec-1] DEBUG c.d.h.dao.PackageMapper.getPackageCombination - ==>  Preparing: SELECT p.*,com.*,c.* FROM `package` p INNER JOIN `package_and_ combination` pac ON p.`package_id` = pac.`package_id` INNER JOIN `combination` com ON com.`combination_id` = pac.`combination_id` INNER JOIN `combination_and_ check` cac ON cac.`combination_id` = pac.`combination_id` INNER JOIN `check` c ON c.`check_id` = cac.`check_id` WHERE p.`package_id`=? 
2018-08-21 18:06:13.075 [http-nio-8080-exec-1] DEBUG c.d.h.dao.PackageMapper.getPackageCombination - ==> Parameters: 3(Integer)
2018-08-21 18:06:13.141 [http-nio-8080-exec-1] DEBUG c.d.h.dao.PackageMapper.getPackageCombination - <==      Total: 0
2018-08-21 18:06:13.142 [http-nio-8080-exec-1] DEBUG c.d.h.dao.PackageMapper.getPackageCheck - ==>  Preparing: SELECT * FROM `package` p INNER JOIN `package_and_ check` pc ON pc.`package_id` = p.`package_id` INNER JOIN `check` cp ON cp.`check_id`=pc.`check_id` WHERE p.`package_id`=? 
2018-08-21 18:06:13.142 [http-nio-8080-exec-1] DEBUG c.d.h.dao.PackageMapper.getPackageCheck - ==> Parameters: 3(Integer)
2018-08-21 18:06:13.207 [http-nio-8080-exec-1] DEBUG c.d.h.dao.PackageMapper.getPackageCheck - <==      Total: 1
2018-08-21 18:06:13.207 [http-nio-8080-exec-1] DEBUG c.d.h.dao.PackageMapper.getPackageCombination - ==>  Preparing: SELECT p.*,com.*,c.* FROM `package` p INNER JOIN `package_and_ combination` pac ON p.`package_id` = pac.`package_id` INNER JOIN `combination` com ON com.`combination_id` = pac.`combination_id` INNER JOIN `combination_and_ check` cac ON cac.`combination_id` = pac.`combination_id` INNER JOIN `check` c ON c.`check_id` = cac.`check_id` WHERE p.`package_id`=? 
2018-08-21 18:06:13.207 [http-nio-8080-exec-1] DEBUG c.d.h.dao.PackageMapper.getPackageCombination - ==> Parameters: 4(Integer)
2018-08-21 18:06:13.266 [http-nio-8080-exec-1] DEBUG c.d.h.dao.PackageMapper.getPackageCombination - <==      Total: 0
2018-08-21 18:06:13.268 [http-nio-8080-exec-1] DEBUG c.d.h.dao.PackageMapper.getPackageCheck - ==>  Preparing: SELECT * FROM `package` p INNER JOIN `package_and_ check` pc ON pc.`package_id` = p.`package_id` INNER JOIN `check` cp ON cp.`check_id`=pc.`check_id` WHERE p.`package_id`=? 
2018-08-21 18:06:13.268 [http-nio-8080-exec-1] DEBUG c.d.h.dao.PackageMapper.getPackageCheck - ==> Parameters: 4(Integer)
2018-08-21 18:06:13.329 [http-nio-8080-exec-1] DEBUG c.d.h.dao.PackageMapper.getPackageCheck - <==      Total: 0
