2018-09-01 09:15:34.308 [DefaultMessageListenerContainer-1] ERROR c.d.h.service.impl.PersonalReservationServiceImpl - 预约失败，
### Error updating database.  Cause: com.mysql.jdbc.exceptions.jdbc4.MySQLIntegrityConstraintViolationException: Duplicate entry '2018090202' for key 'PRIMARY'
### The error may involve defaultParameterMap
### The error occurred while setting parameters
### SQL: INSERT INTO physical_examination VALUES (?,?,?,?,?)
### Cause: com.mysql.jdbc.exceptions.jdbc4.MySQLIntegrityConstraintViolationException: Duplicate entry '2018090202' for key 'PRIMARY'
; ]; Duplicate entry '2018090202' for key 'PRIMARY'; nested exception is com.mysql.jdbc.exceptions.jdbc4.MySQLIntegrityConstraintViolationException: Duplicate entry '2018090202' for key 'PRIMARY'
2018-09-01 09:18:05.648 [DefaultMessageListenerContainer-1] ERROR c.d.h.service.impl.PersonalReservationServiceImpl - 预约失败，
### Error updating database.  Cause: com.mysql.jdbc.exceptions.jdbc4.MySQLIntegrityConstraintViolationException: Duplicate entry '2018090202' for key 'PRIMARY'
### The error may involve defaultParameterMap
### The error occurred while setting parameters
### SQL: INSERT INTO physical_examination VALUES (?,?,?,?,?)
### Cause: com.mysql.jdbc.exceptions.jdbc4.MySQLIntegrityConstraintViolationException: Duplicate entry '2018090202' for key 'PRIMARY'
; ]; Duplicate entry '2018090202' for key 'PRIMARY'; nested exception is com.mysql.jdbc.exceptions.jdbc4.MySQLIntegrityConstraintViolationException: Duplicate entry '2018090202' for key 'PRIMARY'
2018-09-01 09:21:59.289 [DefaultMessageListenerContainer-1] ERROR c.d.h.service.impl.PersonalReservationServiceImpl - 预约失败，
### Error updating database.  Cause: com.mysql.jdbc.exceptions.jdbc4.MySQLIntegrityConstraintViolationException: Duplicate entry '2018090202' for key 'PRIMARY'
### The error may involve defaultParameterMap
### The error occurred while setting parameters
### SQL: INSERT INTO physical_examination VALUES (?,?,?,?,?)
### Cause: com.mysql.jdbc.exceptions.jdbc4.MySQLIntegrityConstraintViolationException: Duplicate entry '2018090202' for key 'PRIMARY'
; ]; Duplicate entry '2018090202' for key 'PRIMARY'; nested exception is com.mysql.jdbc.exceptions.jdbc4.MySQLIntegrityConstraintViolationException: Duplicate entry '2018090202' for key 'PRIMARY'
2018-09-01 09:27:00.857 [DefaultMessageListenerContainer-1] ERROR c.d.h.service.impl.PersonalReservationServiceImpl - 预约失败，
### Error updating database.  Cause: com.mysql.jdbc.exceptions.jdbc4.MySQLIntegrityConstraintViolationException: Duplicate entry '2018090202' for key 'PRIMARY'
### The error may involve defaultParameterMap
### The error occurred while setting parameters
### SQL: INSERT INTO physical_examination VALUES (?,?,?,?,?)
### Cause: com.mysql.jdbc.exceptions.jdbc4.MySQLIntegrityConstraintViolationException: Duplicate entry '2018090202' for key 'PRIMARY'
; ]; Duplicate entry '2018090202' for key 'PRIMARY'; nested exception is com.mysql.jdbc.exceptions.jdbc4.MySQLIntegrityConstraintViolationException: Duplicate entry '2018090202' for key 'PRIMARY'
